<?xml version="1.0" encoding="UTF-8"?>
<!-- Generated by org.testng.reporters.JUnitReportReporter -->
<testsuite skipped="0" hostname="BinayBaba-PC" name="AppTesting.Apps.WindowsHandle" tests="1" failures="0" timestamp="14 Apr 2019 18:40:09 GMT" time="17.901" errors="0">
  <testcase name="TestUp" time="17.901" classname="AppTesting.Apps.WindowsHandle"/>
</testsuite> <!-- AppTesting.Apps.WindowsHandle -->
