<?xml version="1.0" encoding="UTF-8"?>
<!-- Generated by org.testng.reporters.JUnitReportReporter -->
<testsuite skipped="0" hostname="BinayBaba-PC" name="AppTesting.Apps.AlertOkDissmis" tests="1" failures="0" timestamp="14 Apr 2019 16:43:32 GMT" time="29.326" errors="0">
  <testcase name="TestUp" time="29.326" classname="AppTesting.Apps.AlertOkDissmis"/>
</testsuite> <!-- AppTesting.Apps.AlertOkDissmis -->
